[sped-contabil-pva] - [13/07/2020 14:04:03] - [SEVERE] - [Mensagem: O registro obrigatório 'J900' não foi encontrado no arquivo.]
br.gov.serpro.sped.contabilpva.infra.excecao.ExcecaoEscrituracaoInvalida: O registro obrigatório 'J900' não foi encontrado no arquivo.
	at br.gov.serpro.sped.contabilpva.infra.excecao.FabricaExcecao.getExcecaoEscrituracaoInvalida(FabricaExcecao.java:151)
	at br.gov.serpro.sped.contabilpva.nucleo.arquivo.ArquivoDeEscrituracao.lerRegistroObrigatorioAPartirDoFinal(ArquivoDeEscrituracao.java:285)
	at br.gov.serpro.sped.contabilpva.nucleo.arquivo.ArquivoDeEscrituracao.getAssinantes(ArquivoDeEscrituracao.java:189)
	at br.gov.serpro.sped.contabilpva.nucleo.arquivo.ArquivoDeEscrituracao.obterAssinantes(ArquivoDeEscrituracao.java:161)
	at sun.reflect.NativeMethodAccessorImpl.invoke0(Native Method)
	at sun.reflect.NativeMethodAccessorImpl.invoke(NativeMethodAccessorImpl.java:62)
	at sun.reflect.DelegatingMethodAccessorImpl.invoke(DelegatingMethodAccessorImpl.java:43)
	at java.lang.reflect.Method.invoke(Method.java:498)
	at br.gov.serpro.comum.swing.progresso.DialogAguarde.run(DialogAguarde.java:187)
	at java.lang.Thread.run(Thread.java:748)

[sped-contabil-pva] - [13/07/2020 14:04:04] - [SEVERE] - [Mensagem: O registro obrigatório 'J930' não foi encontrado no arquivo.]
br.gov.serpro.sped.contabilpva.infra.excecao.ExcecaoEscrituracaoInvalida: O registro obrigatório 'J930' não foi encontrado no arquivo.
	at br.gov.serpro.sped.contabilpva.infra.excecao.FabricaExcecao.getExcecaoEscrituracaoInvalida(FabricaExcecao.java:151)
	at br.gov.serpro.sped.contabilpva.nucleo.arquivo.ArquivoDeEscrituracao.lerRegistroObrigatorioAPartirDoFinal(ArquivoDeEscrituracao.java:285)
	at br.gov.serpro.sped.contabilpva.nucleo.arquivo.ArquivoDeEscrituracao.getAssinantesTermo(ArquivoDeEscrituracao.java:233)
	at br.gov.serpro.sped.contabilpva.nucleo.arquivo.ArquivoDeEscrituracao.obterAssinantes(ArquivoDeEscrituracao.java:162)
	at sun.reflect.NativeMethodAccessorImpl.invoke0(Native Method)
	at sun.reflect.NativeMethodAccessorImpl.invoke(NativeMethodAccessorImpl.java:62)
	at sun.reflect.DelegatingMethodAccessorImpl.invoke(DelegatingMethodAccessorImpl.java:43)
	at java.lang.reflect.Method.invoke(Method.java:498)
	at br.gov.serpro.comum.swing.progresso.DialogAguarde.run(DialogAguarde.java:187)
	at java.lang.Thread.run(Thread.java:748)

[sped-contabil-pva] - [13/07/2020 14:04:05] - [SEVERE] - [Mensagem: O registro obrigatório 'J900' não foi encontrado no arquivo.]
br.gov.serpro.sped.contabilpva.infra.excecao.ExcecaoEscrituracaoInvalida: O registro obrigatório 'J900' não foi encontrado no arquivo.
	at br.gov.serpro.sped.contabilpva.infra.excecao.FabricaExcecao.getExcecaoEscrituracaoInvalida(FabricaExcecao.java:151)
	at br.gov.serpro.sped.contabilpva.nucleo.arquivo.ArquivoDeEscrituracao.lerRegistroObrigatorioAPartirDoFinal(ArquivoDeEscrituracao.java:285)
	at br.gov.serpro.sped.contabilpva.nucleo.arquivo.ArquivoDeEscrituracao.getAssinantes(ArquivoDeEscrituracao.java:189)
	at br.gov.serpro.sped.contabilpva.nucleo.arquivo.ArquivoDeEscrituracao.obterAssinantes(ArquivoDeEscrituracao.java:161)
	at sun.reflect.NativeMethodAccessorImpl.invoke0(Native Method)
	at sun.reflect.NativeMethodAccessorImpl.invoke(NativeMethodAccessorImpl.java:62)
	at sun.reflect.DelegatingMethodAccessorImpl.invoke(DelegatingMethodAccessorImpl.java:43)
	at java.lang.reflect.Method.invoke(Method.java:498)
	at br.gov.serpro.comum.swing.progresso.DialogAguarde.run(DialogAguarde.java:187)
	at java.lang.Thread.run(Thread.java:748)

[sped-contabil-pva] - [13/07/2020 14:04:06] - [SEVERE] - [Mensagem: O registro obrigatório 'J930' não foi encontrado no arquivo.]
br.gov.serpro.sped.contabilpva.infra.excecao.ExcecaoEscrituracaoInvalida: O registro obrigatório 'J930' não foi encontrado no arquivo.
	at br.gov.serpro.sped.contabilpva.infra.excecao.FabricaExcecao.getExcecaoEscrituracaoInvalida(FabricaExcecao.java:151)
	at br.gov.serpro.sped.contabilpva.nucleo.arquivo.ArquivoDeEscrituracao.lerRegistroObrigatorioAPartirDoFinal(ArquivoDeEscrituracao.java:285)
	at br.gov.serpro.sped.contabilpva.nucleo.arquivo.ArquivoDeEscrituracao.getAssinantesTermo(ArquivoDeEscrituracao.java:233)
	at br.gov.serpro.sped.contabilpva.nucleo.arquivo.ArquivoDeEscrituracao.obterAssinantes(ArquivoDeEscrituracao.java:162)
	at sun.reflect.NativeMethodAccessorImpl.invoke0(Native Method)
	at sun.reflect.NativeMethodAccessorImpl.invoke(NativeMethodAccessorImpl.java:62)
	at sun.reflect.DelegatingMethodAccessorImpl.invoke(DelegatingMethodAccessorImpl.java:43)
	at java.lang.reflect.Method.invoke(Method.java:498)
	at br.gov.serpro.comum.swing.progresso.DialogAguarde.run(DialogAguarde.java:187)
	at java.lang.Thread.run(Thread.java:748)

[sped-contabil-pva] - [27/07/2020 21:09:43] - [SEVERE] - [Mensagem: A assinatura constante do arquivo
de dados agregados não é válida.]
br.gov.serpro.sped.contabilpva.infra.excecao.ExcecaoErroNegocioUnchecked: A assinatura constante do arquivo
de dados agregados não é válida.
	at br.gov.serpro.sped.contabilpva.infra.excecao.FabricaExcecao.getExcecaoErroNegocioUnchecked(FabricaExcecao.java:319)
	at br.gov.serpro.sped.contabilpva.nucleo.controle.dadoagregado.importar.ControleImportarDadoAgregado.obtemAssinatura(ControleImportarDadoAgregado.java:150)
	at br.gov.serpro.sped.contabilpva.nucleo.controle.dadoagregado.importar.ControleImportarDadoAgregado.importarDadoAgregado(ControleImportarDadoAgregado.java:67)
	at br.gov.serpro.sped.contabil.pva.fronteira.menu.principal.acoes.AcaoImportarDadoAgregado.importarDadoAgregado(AcaoImportarDadoAgregado.java:73)
	at br.gov.serpro.sped.contabil.pva.fronteira.acoes.Acoes.actionPerformed(Acoes.java:75)
	at javax.swing.AbstractButton.fireActionPerformed(AbstractButton.java:2022)
	at javax.swing.AbstractButton$Handler.actionPerformed(AbstractButton.java:2348)
	at javax.swing.DefaultButtonModel.fireActionPerformed(DefaultButtonModel.java:402)
	at javax.swing.DefaultButtonModel.setPressed(DefaultButtonModel.java:259)
	at javax.swing.plaf.basic.BasicButtonListener.mouseReleased(BasicButtonListener.java:252)
	at java.awt.AWTEventMulticaster.mouseReleased(AWTEventMulticaster.java:289)
	at java.awt.Component.processMouseEvent(Component.java:6539)
	at javax.swing.JComponent.processMouseEvent(JComponent.java:3324)
	at java.awt.Component.processEvent(Component.java:6304)
	at java.awt.Container.processEvent(Container.java:2239)
	at java.awt.Component.dispatchEventImpl(Component.java:4889)
	at java.awt.Container.dispatchEventImpl(Container.java:2297)
	at java.awt.Component.dispatchEvent(Component.java:4711)
	at java.awt.LightweightDispatcher.retargetMouseEvent(Container.java:4904)
	at java.awt.LightweightDispatcher.processMouseEvent(Container.java:4535)
	at java.awt.LightweightDispatcher.dispatchEvent(Container.java:4476)
	at java.awt.Container.dispatchEventImpl(Container.java:2283)
	at java.awt.Window.dispatchEventImpl(Window.java:2746)
	at java.awt.Component.dispatchEvent(Component.java:4711)
	at java.awt.EventQueue.dispatchEventImpl(EventQueue.java:760)
	at java.awt.EventQueue.access$500(EventQueue.java:97)
	at java.awt.EventQueue$3.run(EventQueue.java:709)
	at java.awt.EventQueue$3.run(EventQueue.java:703)
	at java.security.AccessController.doPrivileged(Native Method)
	at java.security.ProtectionDomain$JavaSecurityAccessImpl.doIntersectionPrivilege(ProtectionDomain.java:74)
	at java.security.ProtectionDomain$JavaSecurityAccessImpl.doIntersectionPrivilege(ProtectionDomain.java:84)
	at java.awt.EventQueue$4.run(EventQueue.java:733)
	at java.awt.EventQueue$4.run(EventQueue.java:731)
	at java.security.AccessController.doPrivileged(Native Method)
	at java.security.ProtectionDomain$JavaSecurityAccessImpl.doIntersectionPrivilege(ProtectionDomain.java:74)
	at java.awt.EventQueue.dispatchEvent(EventQueue.java:730)
	at java.awt.EventDispatchThread.pumpOneEventForFilters(EventDispatchThread.java:205)
	at java.awt.EventDispatchThread.pumpEventsForFilter(EventDispatchThread.java:116)
	at java.awt.EventDispatchThread.pumpEventsForHierarchy(EventDispatchThread.java:105)
	at java.awt.EventDispatchThread.pumpEvents(EventDispatchThread.java:101)
	at java.awt.EventDispatchThread.pumpEvents(EventDispatchThread.java:93)
	at java.awt.EventDispatchThread.run(EventDispatchThread.java:82)

