<?xml version="1.0" encoding="ISO-8859-1" standalone="no"?>
<!DOCTYPE log SYSTEM "logger.dtd">
<log>
<record>
  <date>2021-06-12T22:57:38</date>
  <millis>1623538658991</millis>
  <sequence>88</sequence>
  <logger>serpro.receitanet</logger>
  <level>INFO</level>
  <class>serpro.receitanet.k</class>
  <method>c</method>
  <thread>99</thread>
  <message>Exceção registrada. (O código de erro informado pelo servidor do Receitanet é 0000.)[[]]</message>
  <exception>
    <message>serpro.receitanet.T: A escrituração não será transmitida. A versão do arquivo utilizado na validação da escrituração não é a vigente na data fim da escrituração.</message>
    <frame>
      <class>serpro.receitanet.al</class>
      <method>a</method>
    </frame>
    <frame>
      <class>serpro.receitanet.ControleReceitanet</class>
      <method>a</method>
    </frame>
    <frame>
      <class>serpro.receitanet.ControleReceitanet</class>
      <method>enviarSPED</method>
    </frame>
    <frame>
      <class>serpro.receitanet.ControleReceitanet</class>
      <method>enviarSPED</method>
    </frame>
    <frame>
      <class>br.gov.serpro.sped.piscofinspva.nucleo.controle.transmitir.ControleTransmitirEscrituracao</class>
      <method>executarTransmissao</method>
      <line>485</line>
    </frame>
    <frame>
      <class>br.gov.serpro.sped.piscofinspva.nucleo.controle.transmitir.ControleTransmitirEscrituracao</class>
      <method>access$000</method>
      <line>82</line>
    </frame>
    <frame>
      <class>br.gov.serpro.sped.piscofinspva.nucleo.controle.transmitir.ControleTransmitirEscrituracao$ThreadTransmissaoVariosArquivos</class>
      <method>run</method>
      <line>567</line>
    </frame>
  </exception>
</record>
<record>
  <date>2021-06-12T22:58:54</date>
  <millis>1623538734076</millis>
  <sequence>89</sequence>
  <logger>serpro.receitanet</logger>
  <level>INFO</level>
  <class>serpro.receitanet.k</class>
  <method>c</method>
  <thread>114</thread>
  <message>Exceção registrada. (O código de erro informado pelo servidor do Receitanet é 0000.)[[]]</message>
  <exception>
    <message>serpro.receitanet.T: A escrituração não será transmitida. A versão do arquivo utilizado na validação da escrituração não é a vigente na data fim da escrituração.</message>
    <frame>
      <class>serpro.receitanet.al</class>
      <method>a</method>
    </frame>
    <frame>
      <class>serpro.receitanet.ControleReceitanet</class>
      <method>a</method>
    </frame>
    <frame>
      <class>serpro.receitanet.ControleReceitanet</class>
      <method>enviarSPED</method>
    </frame>
    <frame>
      <class>serpro.receitanet.ControleReceitanet</class>
      <method>enviarSPED</method>
    </frame>
    <frame>
      <class>br.gov.serpro.sped.piscofinspva.nucleo.controle.transmitir.ControleTransmitirEscrituracao</class>
      <method>executarTransmissao</method>
      <line>485</line>
    </frame>
    <frame>
      <class>br.gov.serpro.sped.piscofinspva.nucleo.controle.transmitir.ControleTransmitirEscrituracao</class>
      <method>access$000</method>
      <line>82</line>
    </frame>
    <frame>
      <class>br.gov.serpro.sped.piscofinspva.nucleo.controle.transmitir.ControleTransmitirEscrituracao$ThreadTransmissaoVariosArquivos</class>
      <method>run</method>
      <line>567</line>
    </frame>
  </exception>
</record>
<record>
  <date>2021-06-12T23:04:13</date>
  <millis>1623539053436</millis>
  <sequence>168</sequence>
  <logger>serpro.receitanet</logger>
  <level>INFO</level>
  <class>serpro.receitanet.k</class>
  <method>c</method>
  <thread>149</thread>
  <message>Exceção registrada. (O código de erro informado pelo servidor do Receitanet é 0000.)[[]]</message>
  <exception>
    <message>serpro.receitanet.T: A escrituração não será transmitida. A versão do arquivo utilizado na validação da escrituração não é a vigente na data fim da escrituração.</message>
    <frame>
      <class>serpro.receitanet.al</class>
      <method>a</method>
    </frame>
    <frame>
      <class>serpro.receitanet.ControleReceitanet</class>
      <method>a</method>
    </frame>
    <frame>
      <class>serpro.receitanet.ControleReceitanet</class>
      <method>enviarSPED</method>
    </frame>
    <frame>
      <class>serpro.receitanet.ControleReceitanet</class>
      <method>enviarSPED</method>
    </frame>
    <frame>
      <class>br.gov.serpro.sped.piscofinspva.nucleo.controle.transmitir.ControleTransmitirEscrituracao</class>
      <method>executarTransmissao</method>
      <line>485</line>
    </frame>
    <frame>
      <class>br.gov.serpro.sped.piscofinspva.nucleo.controle.transmitir.ControleTransmitirEscrituracao</class>
      <method>access$000</method>
      <line>82</line>
    </frame>
    <frame>
      <class>br.gov.serpro.sped.piscofinspva.nucleo.controle.transmitir.ControleTransmitirEscrituracao$ThreadTransmissaoVariosArquivos</class>
      <method>run</method>
      <line>567</line>
    </frame>
  </exception>
</record>
</log>
